d:\repos\swtoolsbackend\swtoolsbackend\x64\debug\vc143.pdb
d:\repos\swtoolsbackend\swtoolsbackend\x64\debug\vc143.idb
d:\repos\swtoolsbackend\swtoolsbackend\x64\debug\jsonxx.obj
d:\repos\swtoolsbackend\swtoolsbackend\x64\debug\parser.obj
d:\repos\swtoolsbackend\swtoolsbackend\x64\debug\backend.obj
d:\repos\swtoolsbackend\swtoolsbackend\x64\debug\main.obj
d:\repos\swtoolsbackend\swtoolsbackend\x64\debug\userpool_private.obj
d:\repos\swtoolsbackend\swtoolsbackend\x64\debug\userpool.obj
d:\repos\swtoolsbackend\swtoolsbackend\x64\debug\item.obj
d:\repos\swtoolsbackend\swtoolsbackend\x64\debug\downloader.obj
d:\repos\swtoolsbackend\x64\debug\swtoolsbackend.exe
d:\repos\swtoolsbackend\x64\debug\swtoolsbackend.pdb
d:\repos\swtoolsbackend\swtoolsbackend\x64\debug\swtoolsbackend.ilk
d:\repos\swtoolsbackend\swtoolsbackend\x64\debug\swtoolsbackend.tlog\cl.command.1.tlog
d:\repos\swtoolsbackend\swtoolsbackend\x64\debug\swtoolsbackend.tlog\cl.items.tlog
d:\repos\swtoolsbackend\swtoolsbackend\x64\debug\swtoolsbackend.tlog\cl.read.1.tlog
d:\repos\swtoolsbackend\swtoolsbackend\x64\debug\swtoolsbackend.tlog\cl.write.1.tlog
d:\repos\swtoolsbackend\swtoolsbackend\x64\debug\swtoolsbackend.tlog\link.command.1.tlog
d:\repos\swtoolsbackend\swtoolsbackend\x64\debug\swtoolsbackend.tlog\link.read.1.tlog
d:\repos\swtoolsbackend\swtoolsbackend\x64\debug\swtoolsbackend.tlog\link.secondary.1.tlog
d:\repos\swtoolsbackend\swtoolsbackend\x64\debug\swtoolsbackend.tlog\link.write.1.tlog
